<?xml version="1.0" encoding="UTF-8"?>
<!-- Generated by org.testng.reporters.JUnitXMLReporter -->
<testsuite ignored="0" hostname="LETHI-JUL21-CI" failures="2" tests="2" name="Test" time="12.387" errors="0" timestamp="2022-09-12T08:36:52 BST">
  <testcase classname="FirstAutomation.Tests.Selenium1Test" name="BrowserAutomation" time="7.845">
    <failure type="java.lang.Error" message="Unresolved compilation problems: 
	Lambda expressions are allowed only at source level 1.8 or above
	Cannot refer to the non-final local variable productName defined in an enclosing scope
">
      <![CDATA[java.lang.Error: Unresolved compilation problems: 
Lambda expressions are allowed only at source level 1.8 or above
Cannot refer to the non-final local variable productName defined in an enclosing scope

at FirstAutomation.pageobjects.ProductCatalogue.<init>(ProductCatalogue.java:47)
at FirstAutomation.pageobjects.LandingPage.loginAplication(LandingPage.java:41)
at FirstAutomation.Tests.Selenium1Test.BrowserAutomation(Selenium1Test.java:38)
at java.base/java.util.ArrayList.forEach(ArrayList.java:1511)
... Removed 27 stack frames]]>
    </failure>
  </testcase> <!-- BrowserAutomation -->
  <testcase classname="FirstAutomation.Tests.Selenium1Test" name="BrowserAutomation2" time="4.458">
    <failure type="java.lang.Error" message="Unresolved compilation problems: 
	Lambda expressions are allowed only at source level 1.8 or above
	Cannot refer to the non-final local variable productName defined in an enclosing scope
">
      <![CDATA[java.lang.Error: Unresolved compilation problems: 
Lambda expressions are allowed only at source level 1.8 or above
Cannot refer to the non-final local variable productName defined in an enclosing scope

at FirstAutomation.pageobjects.ProductCatalogue.<init>(ProductCatalogue.java:47)
at FirstAutomation.pageobjects.LandingPage.loginAplication(LandingPage.java:41)
at FirstAutomation.Tests.Selenium1Test.BrowserAutomation2(Selenium1Test.java:69)
at java.base/java.util.ArrayList.forEach(ArrayList.java:1511)
... Removed 27 stack frames]]>
    </failure>
  </testcase> <!-- BrowserAutomation2 -->
</testsuite> <!-- Test -->
