<?xml version="1.0" encoding="UTF-8"?>
<!-- Generated by org.testng.reporters.JUnitXMLReporter -->
<testsuite ignored="0" hostname="LETHI-JUL21-CI" failures="1" tests="4" name="Error Validation Test" time="36.115" errors="0" timestamp="2022-10-23T11:15:44 BST">
  <testcase classname="FirstAutomation.Tests.ErrorValidationTest" name="LoginErrorValidation" time="1.23">
    <skipped/>
  </testcase> <!-- LoginErrorValidation -->
  <testcase classname="FirstAutomation.Tests.ErrorValidationTest" name="LoginErrorValidation" time="1.621">
    <skipped/>
  </testcase> <!-- LoginErrorValidation -->
  <testcase classname="FirstAutomation.Tests.ErrorValidationTest" name="LoginErrorValidation" time="1.118">
    <failure type="java.lang.AssertionError" message="expected [Incorrect email or password.] but found [Incorrect email@ or password.]">
      <![CDATA[java.lang.AssertionError: expected [Incorrect email or password.] but found [Incorrect email@ or password.]
at FirstAutomation.Tests.ErrorValidationTest.LoginErrorValidation(ErrorValidationTest.java:25)
at java.base/java.util.ArrayList.forEach(ArrayList.java:1511)
at java.base/java.util.concurrent.FutureTask.run(FutureTask.java:264)
at java.base/java.util.concurrent.ThreadPoolExecutor.runWorker(ThreadPoolExecutor.java:1136)
at java.base/java.util.concurrent.ThreadPoolExecutor$Worker.run(ThreadPoolExecutor.java:635)
at java.base/java.lang.Thread.run(Thread.java:833)
... Removed 21 stack frames]]>
    </failure>
  </testcase> <!-- LoginErrorValidation -->
  <testcase classname="FirstAutomation.Tests.ErrorValidationTest" name="ProductErrorValidation" time="4.255"/>
</testsuite> <!-- Error Validation Test -->
